<?xml version="1.0" encoding="UTF-8"?>
<testsuite xmlns:xsi="http://www.w3.org/2001/XMLSchema-instance" xsi:noNamespaceSchemaLocation="https://maven.apache.org/surefire/maven-surefire-plugin/xsd/surefire-test-report.xsd" name="personel_olusturma" time="81.87" tests="5" errors="1" skipped="0" failures="0">
  <properties>
[...]
</properties>
  <testcase name="TC01_personel_olustur #1" classname="personel_olusturma" time="5.853"/>
  <testcase name="TC01_personel_olustur #2" classname="personel_olusturma" time="59.127">
    <error type="java.lang.NullPointerException">java.lang.NullPointerException
</error>
    <system-out><![CDATA[
@personel_olusturma @testrunner
Scenario Outline: TC01_personel_olustur                  # src/test/resources/features/day04_scenario_outline_2.feature:22
  Given kullanici "https://editor.datatables.net/" gider # stepdefinitions.DataTablesStepDefinitions.kullanici_gider(java.lang.String)
  When kullanici new butonuna tiklar                     # stepdefinitions.DataTablesStepDefinitions.kullanici_new_butonuna_tiklar()
  And kullanici first name "zeynep" girer                # stepdefinitions.DataTablesStepDefinitions.kullanici_first_name_girer(java.lang.String)
  And kullanici last name "black" girer                  # stepdefinitions.DataTablesStepDefinitions.kullanici_last_name_girer(java.lang.String)
  And kullanici positions "developer" girer              # stepdefinitions.DataTablesStepDefinitions.kullanici_positions_girer(java.lang.String)
  And kullanici office "ankara" girer                    # stepdefinitions.DataTablesStepDefinitions.kullanici_office_girer(java.lang.String)
  And kullanici extension "3412" girer                   # stepdefinitions.DataTablesStepDefinitions.kullanici_extension_girer(java.lang.String)
  And kullanici start_date "2023-03-04" girer            # stepdefinitions.DataTablesStepDefinitions.kullanici_start_date_girer(java.lang.String)
  And kullanici salary "800000" girer                    # stepdefinitions.DataTablesStepDefinitions.kullanici_salary_girer(java.lang.String)
  And kullanici create buttonuna basar                   # stepdefinitions.DataTablesStepDefinitions.kullanici_create_buttonuna_basar()
  When kullanici firstname ile "zeynep" arar             # stepdefinitions.DataTablesStepDefinitions.kullanici_firstname_ile_arar(java.lang.String)
  Then firstname "zeynep" in olustugunu test et          # stepdefinitions.DataTablesStepDefinitions.firstname_in_olustugunu_test_et(java.lang.String)
      java.lang.NullPointerException
	at stepdefinitions.DataTablesStepDefinitions.firstname_in_olustugunu_test_et(DataTablesStepDefinitions.java:60)
	at ?.firstname "zeynep" in olustugunu test et(file:///C:/Users/Hasan%20İNCE/IdeaProjects/batch103Cucumber/./src/test/resources/features/day04_scenario_outline_2.feature:16)

  Then close the application                             # stepdefinitions.GoogleStepDefinitions.close_the_application()
]]></system-out>
    <system-err><![CDATA[Starting ChromeDriver 111.0.5563.64 (c710e93d5b63b7095afe8c2c17df34408078439d-refs/branch-heads/5563@{#995}) on port 42994
Only local connections are allowed.
Please see https://chromedriver.chromium.org/security-considerations for suggestions on keeping ChromeDriver safe.
ChromeDriver was started successfully.
Mar 12, 2023 4:53:23 ÖS org.openqa.selenium.devtools.CdpVersionFinder findNearestMatch
WARNING: Unable to find an exact match for CDP version 111, so returning the closest version found: 110
]]></system-err>
  </testcase>
  <testcase name="TC01_personel_olustur #3" classname="personel_olusturma" time="7.116"/>
  <testcase name="TC01_personel_olustur #4" classname="personel_olusturma" time="5.921"/>
  <testcase name="TC01_personel_olustur #5" classname="personel_olusturma" time="3.85"/>
</testsuite>