<?xml version="1.0" encoding="UTF-8"?>
<testsuite name="Cucumber" time="37.449" tests="2" skipped="0" failures="1" errors="0">
<testcase classname="hooks_test" name="TC01_google_iphone_arama" time="18.986">
<failure type="java.lang.AssertionError">
<![CDATA[java.lang.AssertionError
	at org.junit.Assert.fail(Assert.java:87)
	at org.junit.Assert.assertTrue(Assert.java:42)
	at org.junit.Assert.assertTrue(Assert.java:53)
	at stepdefinitions.GoogleStepDefinitions.sonuclarin_icerdigini_dogrula(GoogleStepDefinitions.java:58)
	at ✽.sonuclarin "tea pot" icerdigini dogrula(file:///C:/Users/Hasan%20İNCE/IdeaProjects/batch103Cucumber/./src/test/resources/features/day06_failed_scenarios.feature:10)
]]>
</failure>
<system-out><![CDATA[
Given kullanici google gider................................................passed
When kullanici "iphone" icin arama yapar....................................passed
Then sonuclarin "tea pot" icerdigini dogrula................................failed
Then close the application..................................................skipped
]]></system-out>
</testcase>
<testcase classname="hooks_test" name="TC02_google_tesla_arama" time="18.256">
<system-out><![CDATA[
Given kullanici google gider................................................passed
When kullanici "tesla" icin arama yapar.....................................passed
Then sonuclarin "tesla" icerdigini dogrula..................................passed
Then ekran goruntusu al.....................................................passed
Then close the application..................................................passed
]]></system-out>
</testcase>
</testsuite>
